[2017-06-05 02:55:30,533] INFO_2  : Loaded plugins: blacklist, fastestmirror, whiteout
[2017-06-05 02:55:30,533] INFO_2  : No plugin match for: pidplugin
[2017-06-05 02:55:30,536] DEBUG   : Config time: 0.099
[2017-06-05 02:55:35,245] DEBUG   : repo time: 4.213
[2017-06-05 02:55:35,275] INFO_2  : Determining fastest mirrors
[2017-06-05 02:55:35,380] DEBUG   : repo time: 0.118
[2017-06-05 02:55:35,410] INFO_2  : Loading mirror speeds from cached hostfile
[2017-06-05 02:55:35,493] DEBUG   : repo time: 0.092
[2017-06-05 02:55:35,517] DEBUG   : Setting up Package Sacks
[2017-06-05 02:55:35,652] DEBUG   : rpmdb time: 0.000
[2017-06-05 02:55:35,754] DEBUG   : pkgsack time: 0.232
[2017-06-05 02:55:35,775] DEBUG   : Setting up Package Sacks
[2017-06-05 02:55:35,932] DEBUG   : pkgsack time: 0.151
[2017-06-05 02:55:35,958] DEBUG   : Setting up Package Sacks
[2017-06-05 02:55:36,173] DEBUG   : pkgsack time: 0.215
[2017-06-05 02:55:36,745] DEBUG   : group time: 0.567
[2017-06-05 02:55:36,925] DEBUG   : group time: 0.178
[2017-06-05 02:55:37,077] DEBUG   : Obs Init time: 0.118
[2017-06-05 02:55:38,694] DEBUG   : Building updates object
[2017-06-05 02:55:38,793] DEBUG   : up:simple updates time: 0.082
[2017-06-05 02:55:38,795] DEBUG   : up:obs time: 0.002
[2017-06-05 02:55:38,795] DEBUG   : up:condense time: 0.000
[2017-06-05 02:55:38,795] DEBUG   : updates time: 0.102
[2017-06-05 02:55:38,799] DEBUG   : TSINFO: Marking glibc-2.12-1.209.el6_9.1.x86_64 as install for bash-4.1.2-48.el6.x86_64
[2017-06-05 02:55:38,804] DEBUG   : TSINFO: Marking ncurses-libs-5.7-4.20090207.el6.x86_64 as install for bash-4.1.2-48.el6.x86_64
[2017-06-05 02:55:38,805] DEBUG   : Quick matched glibc-2.12-1.209.el6_9.1.x86_64 to require for libc.so.6(GLIBC_2.4)(64bit)
[2017-06-05 02:55:38,817] DEBUG   : TSINFO: Marking 32:bind-libs-9.8.2-0.62.rc1.el6_9.2.x86_64 as install for 32:bind-utils-9.8.2-0.62.rc1.el6_9.2.x86_64
[2017-06-05 02:55:38,820] DEBUG   : TSINFO: Marking krb5-libs-1.10.3-65.el6.x86_64 as install for 32:bind-utils-9.8.2-0.62.rc1.el6_9.2.x86_64
[2017-06-05 02:55:38,822] DEBUG   : TSINFO: Marking libidn-1.18-2.el6.x86_64 as install for 32:bind-utils-9.8.2-0.62.rc1.el6_9.2.x86_64
[2017-06-05 02:55:38,824] DEBUG   : TSINFO: Marking zlib-1.2.3-29.el6.x86_64 as install for 32:bind-utils-9.8.2-0.62.rc1.el6_9.2.x86_64
[2017-06-05 02:55:38,828] DEBUG   : TSINFO: Marking libxml2-2.7.6-21.el6_8.1.x86_64 as install for 32:bind-utils-9.8.2-0.62.rc1.el6_9.2.x86_64
[2017-06-05 02:55:38,829] DEBUG   : Quick matched 32:bind-libs-9.8.2-0.62.rc1.el6_9.2.x86_64 to require for libisccc.so.80()(64bit)
[2017-06-05 02:55:38,830] DEBUG   : Quick matched 32:bind-libs-9.8.2-0.62.rc1.el6_9.2.x86_64 to require for libisc.so.83()(64bit)
[2017-06-05 02:55:38,834] DEBUG   : TSINFO: Marking openssl-1.0.1e-57.el6.x86_64 as install for 32:bind-utils-9.8.2-0.62.rc1.el6_9.2.x86_64
[2017-06-05 02:55:38,836] DEBUG   : TSINFO: Marking libcap-2.16-5.5.el6.x86_64 as install for 32:bind-utils-9.8.2-0.62.rc1.el6_9.2.x86_64
[2017-06-05 02:55:38,846] DEBUG   : TSINFO: Marking libss-1.41.12-23.el6.x86_64 as install for e2fsprogs-1.41.12-23.el6.x86_64
[2017-06-05 02:55:38,851] DEBUG   : TSINFO: Marking libcom_err-1.41.12-23.el6.x86_64 as install for e2fsprogs-1.41.12-23.el6.x86_64
[2017-06-05 02:55:38,856] DEBUG   : TSINFO: Marking e2fsprogs-libs-1.41.12-23.el6.x86_64 as install for e2fsprogs-1.41.12-23.el6.x86_64
[2017-06-05 02:55:38,858] DEBUG   : TSINFO: Marking libuuid-2.17.2-12.28.el6.x86_64 as install for e2fsprogs-1.41.12-23.el6.x86_64
[2017-06-05 02:55:38,861] DEBUG   : TSINFO: Marking libblkid-2.17.2-12.28.el6.x86_64 as install for e2fsprogs-1.41.12-23.el6.x86_64
[2017-06-05 02:55:38,861] DEBUG   : Quick matched libblkid-2.17.2-12.28.el6.x86_64 to require for libblkid.so.1(BLKID_2.15)(64bit)
[2017-06-05 02:55:38,861] DEBUG   : Quick matched libblkid-2.17.2-12.28.el6.x86_64 to require for libblkid.so.1(BLKID_1.0)(64bit)
[2017-06-05 02:55:38,862] DEBUG   : Quick matched e2fsprogs-libs-1.41.12-23.el6.x86_64 to require for libe2p.so.2()(64bit)
[2017-06-05 02:55:38,875] DEBUG   : TSINFO: Marking info-4.13a-8.el6.x86_64 as install for 1:findutils-4.4.2-9.el6.x86_64
[2017-06-05 02:55:38,879] DEBUG   : TSINFO: Marking libselinux-2.0.94-7.el6.x86_64 as install for 1:findutils-4.4.2-9.el6.x86_64
[2017-06-05 02:55:38,884] DEBUG   : TSINFO: Marking redhat-logos-60.0.14-12.el6.centos.noarch as install for 1:grub-0.97-99.el6.x86_64
[2017-06-05 02:55:38,885] DEBUG   : TSINFO: Marking coreutils-8.4-46.el6.x86_64 as install for 1:grub-0.97-99.el6.x86_64
[2017-06-05 02:55:38,887] DEBUG   : TSINFO: Marking python-2.6.6-66.el6_8.x86_64 as install for 1:grub-0.97-99.el6.x86_64
[2017-06-05 02:55:38,899] DEBUG   : TSINFO: Marking iptables-1.4.7-16.el6.x86_64 as install for iproute-2.6.32-54.el6.x86_64
[2017-06-05 02:55:38,899] DEBUG   : Quick matched iptables-1.4.7-16.el6.x86_64 to require for libxtables.so.4()(64bit)
[2017-06-05 02:55:38,901] DEBUG   : TSINFO: Marking db4-4.7.25-22.el6.x86_64 as install for iproute-2.6.32-54.el6.x86_64
[2017-06-05 02:55:38,906] DEBUG   : TSINFO: Marking initscripts-9.03.58-1.el6.centos.1.x86_64 as install for iputils-20071127-24.el6.x86_64
[2017-06-05 02:55:38,908] DEBUG   : TSINFO: Marking chkconfig-1.3.49.5-1.el6.x86_64 as install for iputils-20071127-24.el6.x86_64
[2017-06-05 02:55:38,972] DEBUG   : TSINFO: Marking kernel-firmware-2.6.32-696.3.1.el6.noarch as install for kernel-2.6.32-696.3.1.el6.x86_64
[2017-06-05 02:55:38,974] DEBUG   : TSINFO: Marking grubby-7.0.15-7.el6.x86_64 as install for kernel-2.6.32-696.3.1.el6.x86_64
[2017-06-05 02:55:38,975] DEBUG   : TSINFO: Marking dracut-kernel-004-409.el6_8.2.noarch as install for kernel-2.6.32-696.3.1.el6.x86_64
[2017-06-05 02:55:38,977] DEBUG   : TSINFO: Marking module-init-tools-3.9-26.el6.x86_64 as install for kernel-2.6.32-696.3.1.el6.x86_64
[2017-06-05 02:55:38,990] DEBUG   : TSINFO: Marking pam-1.1.1-24.el6.x86_64 as install for passwd-0.77-7.el6.x86_64
[2017-06-05 02:55:38,994] DEBUG   : TSINFO: Marking audit-libs-2.4.5-6.el6.x86_64 as install for passwd-0.77-7.el6.x86_64
[2017-06-05 02:55:38,997] DEBUG   : TSINFO: Marking popt-1.13-7.el6.x86_64 as install for passwd-0.77-7.el6.x86_64
[2017-06-05 02:55:38,997] DEBUG   : Quick matched pam-1.1.1-24.el6.x86_64 to require for libpam.so.0(LIBPAM_1.0)(64bit)
[2017-06-05 02:55:39,000] DEBUG   : TSINFO: Marking libuser-0.56.13-8.el6_7.x86_64 as install for passwd-0.77-7.el6.x86_64
[2017-06-05 02:55:39,001] DEBUG   : Quick matched pam-1.1.1-24.el6.x86_64 to require for libpam.so.0()(64bit)
[2017-06-05 02:55:39,003] DEBUG   : TSINFO: Marking glib2-2.28.8-9.el6.x86_64 as install for passwd-0.77-7.el6.x86_64
[2017-06-05 02:55:39,004] DEBUG   : Quick matched glib2-2.28.8-9.el6.x86_64 to require for libgobject-2.0.so.0()(64bit)
[2017-06-05 02:55:39,004] DEBUG   : Quick matched glib2-2.28.8-9.el6.x86_64 to require for libgmodule-2.0.so.0()(64bit)
[2017-06-05 02:55:39,004] DEBUG   : Quick matched glib2-2.28.8-9.el6.x86_64 to require for libglib-2.0.so.0()(64bit)
[2017-06-05 02:55:39,010] DEBUG   : TSINFO: Marking setup-2.8.14-23.el6.noarch as install for 2:shadow-utils-4.1.5.1-5.el6.x86_64
[2017-06-05 02:55:39,013] DEBUG   : TSINFO: Marking libsemanage-2.0.43-5.1.el6.x86_64 as install for 2:shadow-utils-4.1.5.1-5.el6.x86_64
[2017-06-05 02:55:39,015] DEBUG   : TSINFO: Marking libattr-2.4.44-7.el6.x86_64 as install for 2:shadow-utils-4.1.5.1-5.el6.x86_64
[2017-06-05 02:55:39,017] DEBUG   : TSINFO: Marking libacl-2.2.49-7.el6.x86_64 as install for 2:shadow-utils-4.1.5.1-5.el6.x86_64
[2017-06-05 02:55:39,026] DEBUG   : TSINFO: Marking udev-147-2.73.el6_8.2.x86_64 as install for util-linux-ng-2.17.2-12.28.el6.x86_64
[2017-06-05 02:55:39,029] DEBUG   : TSINFO: Marking libutempter-1.1.5-4.1.el6.x86_64 as install for util-linux-ng-2.17.2-12.28.el6.x86_64
[2017-06-05 02:55:39,029] DEBUG   : Quick matched libutempter-1.1.5-4.1.el6.x86_64 to require for libutempter.so.0()(64bit)
[2017-06-05 02:55:39,031] DEBUG   : TSINFO: Marking libsepol-2.0.41-4.el6.x86_64 as install for util-linux-ng-2.17.2-12.28.el6.x86_64
[2017-06-05 02:55:39,038] DEBUG   : TSINFO: Marking yum-metadata-parser-1.1.2-16.el6.x86_64 as install for yum-3.2.29-81.el6.centos.noarch
[2017-06-05 02:55:39,040] DEBUG   : TSINFO: Marking rpm-4.8.0-55.el6.x86_64 as install for yum-3.2.29-81.el6.centos.noarch
[2017-06-05 02:55:39,041] DEBUG   : TSINFO: Marking python-urlgrabber-3.9.1-11.el6.noarch as install for yum-3.2.29-81.el6.centos.noarch
[2017-06-05 02:55:39,043] DEBUG   : TSINFO: Marking yum-plugin-fastestmirror-1.1.30-40.el6.noarch as install for yum-3.2.29-81.el6.centos.noarch
[2017-06-05 02:55:39,044] DEBUG   : TSINFO: Marking rpm-python-4.8.0-55.el6.x86_64 as install for yum-3.2.29-81.el6.centos.noarch
[2017-06-05 02:55:39,045] DEBUG   : TSINFO: Marking python-iniparse-0.3.1-2.1.el6.noarch as install for yum-3.2.29-81.el6.centos.noarch
[2017-06-05 02:55:39,047] DEBUG   : TSINFO: Marking pygpgme-0.1-18.20090824bzr68.el6.x86_64 as install for yum-3.2.29-81.el6.centos.noarch
[2017-06-05 02:55:39,059] DEBUG   : TSINFO: Marking coreutils-libs-8.4-46.el6.x86_64 as install for coreutils-8.4-46.el6.x86_64
[2017-06-05 02:55:39,061] DEBUG   : TSINFO: Marking ncurses-5.7-4.20090207.el6.x86_64 as install for coreutils-8.4-46.el6.x86_64
[2017-06-05 02:55:39,062] DEBUG   : TSINFO: Marking grep-2.20-6.el6.x86_64 as install for coreutils-8.4-46.el6.x86_64
[2017-06-05 02:55:39,066] DEBUG   : TSINFO: Marking gmp-4.3.1-12.el6.x86_64 as install for coreutils-8.4-46.el6.x86_64
[2017-06-05 02:55:39,066] DEBUG   : Quick matched gmp-4.3.1-12.el6.x86_64 to require for libgmp.so.3()(64bit)
[2017-06-05 02:55:39,069] DEBUG   : TSINFO: Marking dracut-004-409.el6_8.2.noarch as install for dracut-kernel-004-409.el6_8.2.noarch
[2017-06-05 02:55:39,075] DEBUG   : TSINFO: Marking shared-mime-info-0.70-6.el6.x86_64 as install for glib2-2.28.8-9.el6.x86_64
[2017-06-05 02:55:39,078] DEBUG   : TSINFO: Marking gamin-0.1.10-9.el6.x86_64 as install for glib2-2.28.8-9.el6.x86_64
[2017-06-05 02:55:39,081] DEBUG   : TSINFO: Marking glibc-common-2.12-1.209.el6_9.1.x86_64 as install for glibc-2.12-1.209.el6_9.1.x86_64
[2017-06-05 02:55:39,086] DEBUG   : TSINFO: Marking libgcc-4.4.7-18.el6.x86_64 as install for glibc-2.12-1.209.el6_9.1.x86_64
[2017-06-05 02:55:39,088] DEBUG   : TSINFO: Marking nss-softokn-freebl-3.14.3-23.3.el6_8.x86_64 as install for glibc-2.12-1.209.el6_9.1.x86_64
[2017-06-05 02:55:39,090] DEBUG   : TSINFO: Marking basesystem-10.0-4.el6.noarch as install for glibc-2.12-1.209.el6_9.1.x86_64
[2017-06-05 02:55:39,103] DEBUG   : TSINFO: Marking upstart-0.6.5-16.el6.x86_64 as install for initscripts-9.03.58-1.el6.centos.1.x86_64
[2017-06-05 02:55:39,105] DEBUG   : TSINFO: Marking sysvinit-tools-2.87-6.dsf.el6.x86_64 as install for initscripts-9.03.58-1.el6.centos.1.x86_64
[2017-06-05 02:55:39,106] DEBUG   : TSINFO: Marking 2:ethtool-3.5-6.el6.x86_64 as install for initscripts-9.03.58-1.el6.centos.1.x86_64
[2017-06-05 02:55:39,108] DEBUG   : TSINFO: Marking plymouth-0.8.3-29.el6.centos.x86_64 as install for initscripts-9.03.58-1.el6.centos.1.x86_64
[2017-06-05 02:55:39,109] DEBUG   : TSINFO: Marking net-tools-1.60-114.el6.x86_64 as install for initscripts-9.03.58-1.el6.centos.1.x86_64
[2017-06-05 02:55:39,111] DEBUG   : TSINFO: Marking mingetty-1.08-5.el6.x86_64 as install for initscripts-9.03.58-1.el6.centos.1.x86_64
[2017-06-05 02:55:39,112] DEBUG   : TSINFO: Marking cpio-2.10-13.el6.x86_64 as install for initscripts-9.03.58-1.el6.centos.1.x86_64
[2017-06-05 02:55:39,116] DEBUG   : TSINFO: Marking procps-3.2.8-45.el6.x86_64 as install for initscripts-9.03.58-1.el6.centos.1.x86_64
[2017-06-05 02:55:39,118] DEBUG   : TSINFO: Marking psmisc-22.6-24.el6.x86_64 as install for initscripts-9.03.58-1.el6.centos.1.x86_64
[2017-06-05 02:55:39,120] DEBUG   : TSINFO: Marking sed-4.2.1-10.el6.x86_64 as install for initscripts-9.03.58-1.el6.centos.1.x86_64
[2017-06-05 02:55:39,121] DEBUG   : TSINFO: Marking gawk-3.1.7-10.el6_7.3.x86_64 as install for initscripts-9.03.58-1.el6.centos.1.x86_64
[2017-06-05 02:55:39,126] DEBUG   : TSINFO: Marking policycoreutils-2.0.83-30.1.el6_8.x86_64 as install for iptables-1.4.7-16.el6.x86_64
[2017-06-05 02:55:39,131] DEBUG   : TSINFO: Marking keyutils-libs-1.4-5.el6.x86_64 as install for krb5-libs-1.10.3-65.el6.x86_64
[2017-06-05 02:55:39,131] DEBUG   : Quick matched keyutils-libs-1.4-5.el6.x86_64 to require for libkeyutils.so.1()(64bit)
[2017-06-05 02:55:39,144] DEBUG   : TSINFO: Marking ustr-1.0.4-9.1.el6.x86_64 as install for libsemanage-2.0.43-5.1.el6.x86_64
[2017-06-05 02:55:39,144] DEBUG   : Quick matched ustr-1.0.4-9.1.el6.x86_64 to require for libustr-1.0.so.1(USTR_1.0)(64bit)
[2017-06-05 02:55:39,148] DEBUG   : TSINFO: Marking bzip2-libs-1.0.5-7.el6_0.x86_64 as install for libsemanage-2.0.43-5.1.el6.x86_64
[2017-06-05 02:55:39,156] DEBUG   : TSINFO: Marking openldap-2.4.40-16.el6.x86_64 as install for libuser-0.56.13-8.el6_7.x86_64
[2017-06-05 02:55:39,163] DEBUG   : TSINFO: Marking binutils-2.20.51.0.2-5.47.el6_9.1.x86_64 as install for module-init-tools-3.9-26.el6.x86_64
[2017-06-05 02:55:39,165] DEBUG   : TSINFO: Marking ncurses-base-5.7-4.20090207.el6.x86_64 as install for ncurses-libs-5.7-4.20090207.el6.x86_64
[2017-06-05 02:55:39,169] DEBUG   : TSINFO: Marking ca-certificates-2016.2.10-65.4.el6.noarch as install for openssl-1.0.1e-57.el6.x86_64
[2017-06-05 02:55:39,171] DEBUG   : TSINFO: Marking 1:make-3.81-23.el6.x86_64 as install for openssl-1.0.1e-57.el6.x86_64
[2017-06-05 02:55:39,177] DEBUG   : TSINFO: Marking cracklib-dicts-2.8.16-4.el6.x86_64 as install for pam-1.1.1-24.el6.x86_64
[2017-06-05 02:55:39,181] DEBUG   : TSINFO: Marking cracklib-2.8.16-4.el6.x86_64 as install for pam-1.1.1-24.el6.x86_64
[2017-06-05 02:55:39,182] DEBUG   : Quick matched cracklib-2.8.16-4.el6.x86_64 to require for libcrack.so.2()(64bit)
[2017-06-05 02:55:39,187] DEBUG   : TSINFO: Marking gpgme-1.1.8-3.el6.x86_64 as install for pygpgme-0.1-18.20090824bzr68.el6.x86_64
[2017-06-05 02:55:39,187] DEBUG   : Quick matched gpgme-1.1.8-3.el6.x86_64 to require for libgpgme.so.11(GPGME_1.0)(64bit)
[2017-06-05 02:55:39,191] DEBUG   : TSINFO: Marking python-libs-2.6.6-66.el6_8.x86_64 as install for pygpgme-0.1-18.20090824bzr68.el6.x86_64
[2017-06-05 02:55:39,196] DEBUG   : TSINFO: Marking python-pycurl-7.19.0-9.el6.x86_64 as install for python-urlgrabber-3.9.1-11.el6.noarch
[2017-06-05 02:55:39,203] DEBUG   : TSINFO: Marking db4-utils-4.7.25-22.el6.x86_64 as install for rpm-4.8.0-55.el6.x86_64
[2017-06-05 02:55:39,205] DEBUG   : TSINFO: Marking curl-7.19.7-53.el6_9.x86_64 as install for rpm-4.8.0-55.el6.x86_64
[2017-06-05 02:55:39,208] DEBUG   : TSINFO: Marking rpm-libs-4.8.0-55.el6.x86_64 as install for rpm-4.8.0-55.el6.x86_64
[2017-06-05 02:55:39,208] DEBUG   : Quick matched rpm-libs-4.8.0-55.el6.x86_64 to require for librpmbuild.so.1()(64bit)
[2017-06-05 02:55:39,208] DEBUG   : Quick matched rpm-libs-4.8.0-55.el6.x86_64 to require for librpm.so.1()(64bit)
[2017-06-05 02:55:39,216] DEBUG   : TSINFO: Marking nss-3.28.4-3.el6_9.x86_64 as install for rpm-4.8.0-55.el6.x86_64
[2017-06-05 02:55:39,218] DEBUG   : TSINFO: Marking file-libs-5.04-30.el6.x86_64 as install for rpm-4.8.0-55.el6.x86_64
[2017-06-05 02:55:39,220] DEBUG   : TSINFO: Marking xz-libs-4.999.9-0.5.beta.20091007git.el6.x86_64 as install for rpm-4.8.0-55.el6.x86_64
[2017-06-05 02:55:39,223] DEBUG   : TSINFO: Marking lua-5.1.4-4.1.el6.x86_64 as install for rpm-4.8.0-55.el6.x86_64
[2017-06-05 02:55:39,225] DEBUG   : TSINFO: Marking elfutils-libelf-0.164-2.el6.x86_64 as install for rpm-4.8.0-55.el6.x86_64
[2017-06-05 02:55:39,235] DEBUG   : TSINFO: Marking MAKEDEV-3.24-6.el6.x86_64 as install for udev-147-2.73.el6_8.2.x86_64
[2017-06-05 02:55:39,236] DEBUG   : TSINFO: Marking hwdata-0.233-18.1.el6.noarch as install for udev-147-2.73.el6_8.2.x86_64
[2017-06-05 02:55:39,238] DEBUG   : TSINFO: Marking libusb-0.1.12-23.el6.x86_64 as install for udev-147-2.73.el6_8.2.x86_64
[2017-06-05 02:55:39,242] DEBUG   : TSINFO: Marking sqlite-3.6.20-1.el6_7.2.x86_64 as install for yum-metadata-parser-1.1.2-16.el6.x86_64
[2017-06-05 02:55:39,247] DEBUG   : TSINFO: Marking filesystem-2.4.30-3.el6.x86_64 as install for basesystem-10.0-4.el6.noarch
[2017-06-05 02:55:39,255] DEBUG   : TSINFO: Marking p11-kit-trust-0.18.5-2.el6_5.2.x86_64 as install for ca-certificates-2016.2.10-65.4.el6.noarch
[2017-06-05 02:55:39,259] DEBUG   : TSINFO: Marking p11-kit-0.18.5-2.el6_5.2.x86_64 as install for ca-certificates-2016.2.10-65.4.el6.noarch
[2017-06-05 02:55:39,263] DEBUG   : TSINFO: Marking gzip-1.3.12-24.el6.x86_64 as install for cracklib-2.8.16-4.el6.x86_64
[2017-06-05 02:55:39,270] DEBUG   : TSINFO: Marking libcurl-7.19.7-53.el6_9.x86_64 as install for curl-7.19.7-53.el6_9.x86_64
[2017-06-05 02:55:39,273] DEBUG   : TSINFO: Marking libssh2-1.4.2-2.el6_7.1.x86_64 as install for curl-7.19.7-53.el6_9.x86_64
[2017-06-05 02:55:39,275] DEBUG   : TSINFO: Marking nspr-4.13.1-1.el6.x86_64 as install for curl-7.19.7-53.el6_9.x86_64
[2017-06-05 02:55:39,275] DEBUG   : Quick matched nspr-4.13.1-1.el6.x86_64 to require for libplc4.so()(64bit)
[2017-06-05 02:55:39,278] DEBUG   : TSINFO: Marking nss-util-3.28.4-1.el6_9.x86_64 as install for curl-7.19.7-53.el6_9.x86_64
[2017-06-05 02:55:39,287] DEBUG   : TSINFO: Marking which-2.19-6.el6.x86_64 as install for dracut-004-409.el6_8.2.noarch
[2017-06-05 02:55:39,288] DEBUG   : TSINFO: Marking 2:tar-1.23-15.el6_8.x86_64 as install for dracut-004-409.el6_8.2.noarch
[2017-06-05 02:55:39,289] DEBUG   : TSINFO: Marking plymouth-scripts-0.8.3-29.el6.centos.x86_64 as install for dracut-004-409.el6_8.2.noarch
[2017-06-05 02:55:39,291] DEBUG   : TSINFO: Marking kbd-1.15-11.el6.x86_64 as install for dracut-004-409.el6_8.2.noarch
[2017-06-05 02:55:39,292] DEBUG   : TSINFO: Marking file-5.04-30.el6.x86_64 as install for dracut-004-409.el6_8.2.noarch
[2017-06-05 02:55:39,294] DEBUG   : TSINFO: Marking dash-0.5.5.1-4.el6.x86_64 as install for dracut-004-409.el6_8.2.noarch
[2017-06-05 02:55:39,295] DEBUG   : TSINFO: Marking bzip2-1.0.5-7.el6_0.x86_64 as install for dracut-004-409.el6_8.2.noarch
[2017-06-05 02:55:39,303] DEBUG   : TSINFO: Marking tzdata-2017b-1.el6.noarch as install for glibc-common-2.12-1.209.el6_9.1.x86_64
[2017-06-05 02:55:39,307] DEBUG   : TSINFO: Marking libstdc++-4.4.7-18.el6.x86_64 as install for gmp-4.3.1-12.el6.x86_64
[2017-06-05 02:55:39,308] DEBUG   : Quick matched libstdc++-4.4.7-18.el6.x86_64 to require for libstdc++.so.6(GLIBCXX_3.4)(64bit)
[2017-06-05 02:55:39,308] DEBUG   : Quick matched libstdc++-4.4.7-18.el6.x86_64 to require for libstdc++.so.6(CXXABI_1.3)(64bit)
[2017-06-05 02:55:39,308] DEBUG   : Quick matched libstdc++-4.4.7-18.el6.x86_64 to require for libstdc++.so.6()(64bit)
[2017-06-05 02:55:39,311] DEBUG   : TSINFO: Marking gnupg2-2.0.14-8.el6.x86_64 as install for gpgme-1.1.8-3.el6.x86_64
[2017-06-05 02:55:39,313] DEBUG   : TSINFO: Marking pth-2.0.7-9.3.el6.x86_64 as install for gpgme-1.1.8-3.el6.x86_64
[2017-06-05 02:55:39,316] DEBUG   : TSINFO: Marking libgpg-error-1.7-4.el6.x86_64 as install for gpgme-1.1.8-3.el6.x86_64
[2017-06-05 02:55:39,319] DEBUG   : TSINFO: Marking pcre-7.8-7.el6.x86_64 as install for grep-2.20-6.el6.x86_64
[2017-06-05 02:55:39,325] DEBUG   : TSINFO: Marking readline-6.0-4.el6.x86_64 as install for lua-5.1.4-4.1.el6.x86_64
[2017-06-05 02:55:39,337] DEBUG   : TSINFO: Marking nss-softokn-3.14.3-23.3.el6_8.x86_64 as install for nss-3.28.4-3.el6_9.x86_64
[2017-06-05 02:55:39,340] DEBUG   : TSINFO: Marking nss-sysinit-3.28.4-3.el6_9.x86_64 as install for nss-3.28.4-3.el6_9.x86_64
[2017-06-05 02:55:39,341] DEBUG   : Quick matched nss-softokn-3.14.3-23.3.el6_8.x86_64 to require for libnssdbm3.so()(64bit)
[2017-06-05 02:55:39,351] DEBUG   : TSINFO: Marking nss-tools-3.28.4-3.el6_9.x86_64 as install for openldap-2.4.40-16.el6.x86_64
[2017-06-05 02:55:39,353] DEBUG   : TSINFO: Marking cyrus-sasl-lib-2.1.23-15.el6_6.2.x86_64 as install for openldap-2.4.40-16.el6.x86_64
[2017-06-05 02:55:39,361] DEBUG   : TSINFO: Marking plymouth-core-libs-0.8.3-29.el6.centos.x86_64 as install for plymouth-0.8.3-29.el6.centos.x86_64
[2017-06-05 02:55:39,361] DEBUG   : Quick matched plymouth-core-libs-0.8.3-29.el6.centos.x86_64 to require for libply.so.2()(64bit)
[2017-06-05 02:55:39,362] DEBUG   : Quick matched plymouth-core-libs-0.8.3-29.el6.centos.x86_64 to require for libply-splash-core.so.2()(64bit)
[2017-06-05 02:55:39,364] DEBUG   : TSINFO: Marking libdrm-2.4.65-2.el6.x86_64 as install for plymouth-0.8.3-29.el6.centos.x86_64
[2017-06-05 02:55:39,364] DEBUG   : Quick matched libdrm-2.4.65-2.el6.x86_64 to require for libdrm_nouveau.so.1()(64bit)
[2017-06-05 02:55:39,364] DEBUG   : Quick matched libdrm-2.4.65-2.el6.x86_64 to require for libdrm_intel.so.1()(64bit)
[2017-06-05 02:55:39,364] DEBUG   : Quick matched libdrm-2.4.65-2.el6.x86_64 to require for libdrm.so.2()(64bit)
[2017-06-05 02:55:39,371] DEBUG   : TSINFO: Marking libselinux-utils-2.0.94-7.el6.x86_64 as install for policycoreutils-2.0.83-30.1.el6_8.x86_64
[2017-06-05 02:55:39,372] DEBUG   : TSINFO: Marking checkpolicy-2.0.22-1.el6.x86_64 as install for policycoreutils-2.0.83-30.1.el6_8.x86_64
[2017-06-05 02:55:39,374] DEBUG   : TSINFO: Marking diffutils-2.8.1-28.el6.x86_64 as install for policycoreutils-2.0.83-30.1.el6_8.x86_64
[2017-06-05 02:55:39,376] DEBUG   : TSINFO: Marking dbus-glib-0.86-6.el6.x86_64 as install for policycoreutils-2.0.83-30.1.el6_8.x86_64
[2017-06-05 02:55:39,378] DEBUG   : TSINFO: Marking 1:dbus-libs-1.2.24-8.el6_6.x86_64 as install for policycoreutils-2.0.83-30.1.el6_8.x86_64
[2017-06-05 02:55:39,388] DEBUG   : TSINFO: Marking expat-2.0.1-13.el6_8.x86_64 as install for python-libs-2.6.6-66.el6_8.x86_64
[2017-06-05 02:55:39,390] DEBUG   : TSINFO: Marking gdbm-1.8.0-39.el6.x86_64 as install for python-libs-2.6.6-66.el6_8.x86_64
[2017-06-05 02:55:39,393] DEBUG   : TSINFO: Marking libffi-3.0.5-3.2.el6.x86_64 as install for python-libs-2.6.6-66.el6_8.x86_64
[2017-06-05 02:55:39,402] DEBUG   : TSINFO: Marking 1:pkgconfig-0.23-9.1.el6.x86_64 as install for shared-mime-info-0.70-6.el6.x86_64
[2017-06-05 02:55:39,409] DEBUG   : TSINFO: Marking libnih-1.0.1-7.el6.x86_64 as install for upstart-0.6.5-16.el6.x86_64
[2017-06-05 02:55:39,409] DEBUG   : Quick matched libnih-1.0.1-7.el6.x86_64 to require for libnih-dbus.so.1(LIBNIH_DBUS_1_0)(64bit)
[2017-06-05 02:55:39,410] DEBUG   : Quick matched libnih-1.0.1-7.el6.x86_64 to require for libnih.so.1()(64bit)
[2017-06-05 02:55:39,410] DEBUG   : Quick matched libnih-1.0.1-7.el6.x86_64 to require for libnih-dbus.so.1()(64bit)
[2017-06-05 02:55:39,425] DEBUG   : TSINFO: Marking pinentry-0.7.6-8.el6.x86_64 as install for gnupg2-2.0.14-8.el6.x86_64
[2017-06-05 02:55:39,427] DEBUG   : TSINFO: Marking libgcrypt-1.4.5-12.el6_8.x86_64 as install for gnupg2-2.0.14-8.el6.x86_64
[2017-06-05 02:55:39,427] DEBUG   : Quick matched libgcrypt-1.4.5-12.el6_8.x86_64 to require for libgcrypt.so.11()(64bit)
[2017-06-05 02:55:39,430] DEBUG   : TSINFO: Marking less-436-13.el6.x86_64 as install for gzip-1.3.12-24.el6.x86_64
[2017-06-05 02:55:39,432] DEBUG   : TSINFO: Marking kbd-misc-1.15-11.el6.noarch as install for kbd-1.15-11.el6.x86_64
[2017-06-05 02:55:39,440] DEBUG   : TSINFO: Marking libpciaccess-0.13.4-1.el6.x86_64 as install for libdrm-2.4.65-2.el6.x86_64
[2017-06-05 02:55:39,469] DEBUG   : TSINFO: Marking libtasn1-2.3-6.el6_5.x86_64 as install for p11-kit-0.18.5-2.el6_5.2.x86_64
[2017-06-05 02:55:39,469] DEBUG   : Quick matched libtasn1-2.3-6.el6_5.x86_64 to require for libtasn1.so.3()(64bit)
[2017-06-05 02:55:39,482] DEBUG   : TSINFO: Marking groff-1.18.1.4-21.el6.x86_64 as install for less-436-13.el6.x86_64
[2017-06-05 02:55:39,561] DEBUG   : Depsolve time: 0.893
[2017-06-05 02:56:50,964] DEBUG   : VerifyTransaction time: 1.339
