02:54:27,550 INFO    : kernel command line: ks=file:/centos-6.ks inst.cmdline console=ttyS0

02:54:27,550 DEBUG   : readNetInfo /tmp/s390net not found, early return
02:54:27,550 INFO    : anaconda version 13.21.263 on x86_64 starting
02:54:27,550 INFO    : text mode forced due to serial/virtpconsole
02:54:27,716 DEBUG   : Saving module ipv6
02:54:27,716 DEBUG   : Saving module iscsi_ibft
02:54:27,717 DEBUG   : Saving module iscsi_boot_sysfs
02:54:27,717 DEBUG   : Saving module pcspkr
02:54:27,717 DEBUG   : Saving module edd
02:54:27,717 DEBUG   : Saving module floppy
02:54:27,717 DEBUG   : Saving module iscsi_tcp
02:54:27,717 DEBUG   : Saving module libiscsi_tcp
02:54:27,717 DEBUG   : Saving module libiscsi
02:54:27,717 DEBUG   : Saving module scsi_transport_iscsi
02:54:27,717 DEBUG   : Saving module squashfs
02:54:27,717 DEBUG   : Saving module cramfs
02:54:27,717 DEBUG   : probing buses
02:54:27,747 DEBUG   : waiting for hardware to initialize
02:54:30,379 DEBUG   : probing buses
02:54:30,412 DEBUG   : waiting for hardware to initialize
02:54:33,543 INFO    : getting kickstart file
02:54:33,543 DEBUG   : marking first kickstart network command
02:54:33,543 INFO    : setting up kickstart
02:54:33,543 INFO    : kickstartFromUrl
02:54:33,543 INFO    : results of url ks, url http://mirrors.kernel.org/centos/6/os/x86_64/
02:54:33,543 INFO    : kickstart network command - device eth0
02:54:33,543 INFO    : activating first device from kickstart because network is needed
02:54:33,544 INFO    : eth0 has link, using it
02:54:33,554 INFO    : doing kickstart... setting it up
02:54:33,554 DEBUG   : activating device eth0
02:54:38,595 INFO    : wait_for_iface_activation (2617): device eth0 activated
02:54:38,619 ERROR   : got to setupCdrom without a CD device
02:54:38,619 INFO    : no stage2= given, assuming http://mirrors.kernel.org/centos/6/os/x86_64//images/install.img
02:54:38,619 DEBUG   : going to set language to en_US.UTF-8
02:54:38,619 INFO    : setting language to en_US.UTF-8
02:54:38,621 INFO    : starting STEP_METHOD
02:54:38,621 DEBUG   : loaderData->method is set, adding skipMethodDialog
02:54:38,621 DEBUG   : skipMethodDialog is set
02:54:38,629 INFO    : starting STEP_STAGE2
02:54:38,629 INFO    : URL_STAGE_MAIN: url is http://mirrors.kernel.org/centos/6/os/x86_64//images/install.img
02:54:38,629 INFO    : transferring http://mirrors.kernel.org/centos/6/os/x86_64//images/updates.img
02:54:38,813 ERROR   : Error downloading http://mirrors.kernel.org/centos/6/os/x86_64//images/updates.img: HTTP response code said error
02:54:38,826 INFO    : transferring http://mirrors.kernel.org/centos/6/os/x86_64//images/product.img
02:54:38,994 ERROR   : Error downloading http://mirrors.kernel.org/centos/6/os/x86_64//images/product.img: HTTP response code said error
02:54:38,996 INFO    : transferring http://mirrors.kernel.org/centos/6/os/x86_64//images/install.img
02:55:23,388 INFO    : mounted loopback device /mnt/runtime on /dev/loop0 as /tmp/install.img
02:55:23,388 INFO    : got stage2 at url http://mirrors.kernel.org/centos/6/os/x86_64//images/install.img
02:55:23,433 INFO    : Loading SELinux policy
02:55:23,929 INFO    : getting ready to spawn shell now
02:55:23,929 INFO    : not spawning a shell
02:55:24,281 INFO    : Running anaconda script /usr/bin/anaconda
02:55:25,834 INFO    : CentOS Linux is the highest priority installclass, using it
02:55:25,885 INFO    : ISCSID is /usr/sbin/iscsid
02:55:25,885 INFO    : no initiator set
02:55:26,035 WARNING : '/usr/libexec/fcoe/fcoe_edd.sh' specified as full path
02:55:26,042 INFO    : No FCoE EDD info found: No FCoE boot disk information is found in EDD!

02:55:26,042 INFO    : no /etc/zfcp.conf; not configuring zfcp
02:55:26,097 INFO    : created new libuser.conf at /tmp/libuser.aWJUzC with instPath="/mnt/sysimage"
02:55:26,097 INFO    : anaconda called with cmdline = ['/usr/bin/anaconda', '--stage2', 'http://mirrors.kernel.org/centos/6/os/x86_64//images/install.img', '--kickstart', '/centos-6.ks', '--serial', '-T', '--selinux', '--lang', 'en_US.UTF-8', '--keymap', 'us', '--repo', 'http://mirrors.kernel.org/centos/6/os/x86_64/']
02:55:26,097 INFO    : Display mode = t
02:55:26,097 INFO    : Default encoding = utf-8 
02:55:26,161 INFO    : Detected 1008M of memory
02:55:26,161 INFO    : Swap attempt of 2016M
02:55:26,508 INFO    : ISCSID is /usr/sbin/iscsid
02:55:26,515 INFO    : no initiator set
02:55:26,811 WARNING : step installtype does not exist
02:55:26,811 WARNING : step confirminstall does not exist
02:55:26,811 WARNING : step complete does not exist
02:55:26,811 WARNING : step complete does not exist
02:55:26,811 WARNING : step complete does not exist
02:55:26,811 WARNING : step complete does not exist
02:55:26,812 WARNING : step complete does not exist
02:55:26,812 WARNING : step complete does not exist
02:55:26,812 INFO    : moving (1) to step setuptime
02:55:26,812 DEBUG   : setuptime is a direct step
02:55:26,813 WARNING : '/usr/sbin/hwclock' specified as full path
02:55:28,002 INFO    : leaving (1) step setuptime
02:55:28,002 INFO    : moving (1) to step autopartitionexecute
02:55:28,002 DEBUG   : autopartitionexecute is a direct step
02:55:28,023 INFO    : leaving (1) step autopartitionexecute
02:55:28,023 INFO    : moving (1) to step storagedone
02:55:28,023 DEBUG   : storagedone is a direct step
02:55:28,023 INFO    : leaving (1) step storagedone
02:55:28,024 INFO    : moving (1) to step enablefilesystems
02:55:28,024 DEBUG   : enablefilesystems is a direct step
02:55:30,101 DEBUG   : notifying kernel of 'change' event on device /sys/class/block/sda1
02:55:30,243 INFO    : failed to set SELinux context for /mnt/sysimage: [Errno 95] Operation not supported
02:55:30,243 DEBUG   : isys.py:mount()- going to mount /dev/sda1 on /mnt/sysimage as ext4 with options defaults
02:55:30,251 DEBUG   : isys.py:mount()- going to mount //dev on /mnt/sysimage/dev as bind with options defaults,bind
02:55:30,257 DEBUG   : isys.py:mount()- going to mount devpts on /mnt/sysimage/dev/pts as devpts with options gid=5,mode=620
02:55:30,261 DEBUG   : isys.py:mount()- going to mount tmpfs on /mnt/sysimage/dev/shm as tmpfs with options defaults
02:55:30,264 INFO    : failed to get default SELinux context for /proc: [Errno 2] No such file or directory
02:55:30,264 DEBUG   : isys.py:mount()- going to mount proc on /mnt/sysimage/proc as proc with options defaults
02:55:30,266 INFO    : failed to get default SELinux context for /proc: [Errno 2] No such file or directory
02:55:30,268 DEBUG   : isys.py:mount()- going to mount sysfs on /mnt/sysimage/sys as sysfs with options defaults
02:55:30,273 INFO    : leaving (1) step enablefilesystems
02:55:30,273 INFO    : moving (1) to step reposetup
02:55:30,273 DEBUG   : reposetup is a direct step
02:55:31,014 ERROR   : Error downloading treeinfo file: [Errno 14] PYCURL ERROR 22 - "The requested URL returned error: 404 Not Found"
02:55:31,015 INFO    : added repository CentOS with URL http://mirror.centos.org/centos/6/os/x86_64/
02:55:31,015 INFO    : added repository Updates with URL http://mirror.centos.org/centos/6/updates/x86_64/
02:55:31,246 DEBUG   : Grabbing  http://mirror.centos.org/centos/6/os/x86_64/repodata/repomd.xml
02:55:31,305 DEBUG   : Grabbing  http://mirror.centos.org/centos/6/os/x86_64/repodata/5d14ebd60604f4433dcc8a3a17cd3bbc7b80ec5dff74cbcc50dab6e711959265-primary.sqlite.bz2
02:55:32,045 DEBUG   : Grabbing  http://mirror.centos.org/centos/6/os/x86_64/repodata/43d8fd068164b0f042845474d6a22262798b9f0d1f49ad1bf9f95b953089777d-c6-x86_64-comps.xml
02:55:36,925 INFO    : leaving (1) step reposetup
02:55:36,926 INFO    : moving (1) to step basepkgsel
02:55:36,926 DEBUG   : basepkgsel is a direct step
02:55:37,248 WARNING : skipping core group due to %%packages --nocore; system may not be complete
02:55:37,249 WARNING : not adding Base group
02:55:37,847 INFO    : leaving (1) step basepkgsel
02:55:37,847 INFO    : moving (1) to step postselection
02:55:37,847 DEBUG   : postselection is a direct step
02:55:37,864 INFO    : selected kernel package for kernel
02:55:38,340 DEBUG   : Checking for DUD module /lib/modules/2.6.32-696.el6.x86_64/kernel/fs/ext4/ext4.ko.gz
02:55:38,341 DEBUG   : Checking for DUD module /lib/modules/2.6.32-696.el6.x86_64/kernel/fs/jbd2/jbd2.ko.gz
02:55:38,341 DEBUG   : Checking for DUD module /lib/modules/2.6.32-696.el6.x86_64/kernel/fs/mbcache.ko.gz
02:55:38,341 DEBUG   : Checking for DUD module /lib/modules/2.6.32-696.el6.x86_64/kernel/drivers/scsi/fcoe/fcoe.ko.gz
02:55:38,341 DEBUG   : Checking for DUD module /lib/modules/2.6.32-696.el6.x86_64/kernel/drivers/scsi/fcoe/libfcoe.ko.gz
02:55:38,341 DEBUG   : Checking for DUD module /lib/modules/2.6.32-696.el6.x86_64/kernel/drivers/scsi/libfc/libfc.ko.gz
02:55:38,341 DEBUG   : Checking for DUD module /lib/modules/2.6.32-696.el6.x86_64/kernel/drivers/scsi/scsi_transport_fc.ko.gz
02:55:38,341 DEBUG   : Checking for DUD module /lib/modules/2.6.32-696.el6.x86_64/kernel/drivers/scsi/scsi_tgt.ko.gz
02:55:38,341 DEBUG   : Checking for DUD module /lib/modules/2.6.32-696.el6.x86_64/kernel/crypto/xts.ko.gz
02:55:38,341 DEBUG   : Checking for DUD module /lib/modules/2.6.32-696.el6.x86_64/kernel/crypto/lrw.ko.gz
02:55:38,341 DEBUG   : Checking for DUD module /lib/modules/2.6.32-696.el6.x86_64/kernel/crypto/gf128mul.ko.gz
02:55:38,341 DEBUG   : Checking for DUD module /lib/modules/2.6.32-696.el6.x86_64/kernel/crypto/cbc.ko.gz
02:55:38,341 DEBUG   : Checking for DUD module /lib/modules/2.6.32-696.el6.x86_64/kernel/drivers/md/dm-raid.ko.gz
02:55:38,341 DEBUG   : Checking for DUD module /lib/modules/2.6.32-696.el6.x86_64/kernel/drivers/md/dm-crypt.ko.gz
02:55:38,341 DEBUG   : Checking for DUD module /lib/modules/2.6.32-696.el6.x86_64/kernel/drivers/md/dm-round-robin.ko.gz
02:55:38,341 DEBUG   : Checking for DUD module /lib/modules/2.6.32-696.el6.x86_64/kernel/drivers/md/dm-multipath.ko.gz
02:55:38,341 DEBUG   : Checking for DUD module /lib/modules/2.6.32-696.el6.x86_64/kernel/drivers/md/dm-thin-pool.ko.gz
02:55:38,341 DEBUG   : Checking for DUD module /lib/modules/2.6.32-696.el6.x86_64/kernel/drivers/md/dm-bio-prison.ko.gz
02:55:38,341 DEBUG   : Checking for DUD module /lib/modules/2.6.32-696.el6.x86_64/kernel/drivers/md/persistent-data/dm-persistent-data.ko.gz
02:55:38,341 DEBUG   : Checking for DUD module /lib/modules/2.6.32-696.el6.x86_64/kernel/lib/libcrc32c.ko.gz
02:55:38,341 DEBUG   : Checking for DUD module /lib/modules/2.6.32-696.el6.x86_64/kernel/drivers/md/dm-snapshot.ko.gz
02:55:38,342 DEBUG   : Checking for DUD module /lib/modules/2.6.32-696.el6.x86_64/kernel/drivers/md/dm-bufio.ko.gz
02:55:38,342 DEBUG   : Checking for DUD module /lib/modules/2.6.32-696.el6.x86_64/kernel/drivers/md/dm-mirror.ko.gz
02:55:38,342 DEBUG   : Checking for DUD module /lib/modules/2.6.32-696.el6.x86_64/kernel/drivers/md/dm-region-hash.ko.gz
02:55:38,342 DEBUG   : Checking for DUD module /lib/modules/2.6.32-696.el6.x86_64/kernel/drivers/md/dm-log.ko.gz
02:55:38,342 DEBUG   : Checking for DUD module /lib/modules/2.6.32-696.el6.x86_64/kernel/drivers/md/dm-zero.ko.gz
02:55:38,342 DEBUG   : Checking for DUD module /lib/modules/2.6.32-696.el6.x86_64/kernel/drivers/md/dm-mod.ko.gz
02:55:38,342 DEBUG   : Checking for DUD module /lib/modules/2.6.32-696.el6.x86_64/kernel/drivers/md/linear.ko.gz
02:55:38,342 DEBUG   : Checking for DUD module /lib/modules/2.6.32-696.el6.x86_64/kernel/drivers/md/raid10.ko.gz
02:55:38,342 DEBUG   : Checking for DUD module /lib/modules/2.6.32-696.el6.x86_64/kernel/drivers/md/raid456.ko.gz
02:55:38,342 DEBUG   : Checking for DUD module /lib/modules/2.6.32-696.el6.x86_64/kernel/crypto/async_tx/async_raid6_recov.ko.gz
02:55:38,342 DEBUG   : Checking for DUD module /lib/modules/2.6.32-696.el6.x86_64/kernel/crypto/async_tx/async_pq.ko.gz
02:55:38,342 DEBUG   : Checking for DUD module /lib/modules/2.6.32-696.el6.x86_64/kernel/lib/raid6/raid6_pq.ko.gz
02:55:38,342 DEBUG   : Checking for DUD module /lib/modules/2.6.32-696.el6.x86_64/kernel/crypto/async_tx/async_xor.ko.gz
02:55:38,342 DEBUG   : Checking for DUD module /lib/modules/2.6.32-696.el6.x86_64/kernel/crypto/xor.ko.gz
02:55:38,342 DEBUG   : Checking for DUD module /lib/modules/2.6.32-696.el6.x86_64/kernel/crypto/async_tx/async_memcpy.ko.gz
02:55:38,342 DEBUG   : Checking for DUD module /lib/modules/2.6.32-696.el6.x86_64/kernel/crypto/async_tx/async_tx.ko.gz
02:55:38,342 DEBUG   : Checking for DUD module /lib/modules/2.6.32-696.el6.x86_64/kernel/drivers/md/raid1.ko.gz
02:55:38,342 DEBUG   : Checking for DUD module /lib/modules/2.6.32-696.el6.x86_64/kernel/drivers/md/raid0.ko.gz
02:55:38,342 DEBUG   : Checking for DUD module /lib/modules/2.6.32-696.el6.x86_64/kernel/net/8021q/8021q.ko.gz
02:55:38,342 DEBUG   : Checking for DUD module /lib/modules/2.6.32-696.el6.x86_64/kernel/net/802/garp.ko.gz
02:55:38,343 DEBUG   : Checking for DUD module /lib/modules/2.6.32-696.el6.x86_64/kernel/net/802/stp.ko.gz
02:55:38,343 DEBUG   : Checking for DUD module /lib/modules/2.6.32-696.el6.x86_64/kernel/net/llc/llc.ko.gz
02:55:38,343 DEBUG   : Checking for DUD module /lib/modules/2.6.32-696.el6.x86_64/kernel/drivers/infiniband/hw/mlx4/mlx4_ib.ko.gz
02:55:38,343 DEBUG   : Checking for DUD module /lib/modules/2.6.32-696.el6.x86_64/kernel/drivers/net/mlx4/mlx4_en.ko.gz
02:55:38,343 DEBUG   : Checking for DUD module /lib/modules/2.6.32-696.el6.x86_64/kernel/drivers/ptp/ptp.ko.gz
02:55:38,343 DEBUG   : Checking for DUD module /lib/modules/2.6.32-696.el6.x86_64/kernel/drivers/pps/pps_core.ko.gz
02:55:38,343 DEBUG   : Checking for DUD module /lib/modules/2.6.32-696.el6.x86_64/kernel/drivers/net/mlx4/mlx4_core.ko.gz
02:55:38,343 DEBUG   : Checking for DUD module /lib/modules/2.6.32-696.el6.x86_64/kernel/drivers/infiniband/ulp/ipoib/ib_ipoib.ko.gz
02:55:38,343 DEBUG   : Checking for DUD module /lib/modules/2.6.32-696.el6.x86_64/kernel/drivers/infiniband/core/ib_cm.ko.gz
02:55:38,343 DEBUG   : Checking for DUD module /lib/modules/2.6.32-696.el6.x86_64/kernel/drivers/infiniband/core/ib_sa.ko.gz
02:55:38,343 DEBUG   : Checking for DUD module /lib/modules/2.6.32-696.el6.x86_64/kernel/drivers/infiniband/core/ib_mad.ko.gz
02:55:38,343 DEBUG   : Checking for DUD module /lib/modules/2.6.32-696.el6.x86_64/kernel/drivers/infiniband/core/ib_core.ko.gz
02:55:38,343 DEBUG   : Checking for DUD module /lib/modules/2.6.32-696.el6.x86_64/kernel/drivers/infiniband/core/ib_addr.ko.gz
02:55:38,343 DEBUG   : Checking for DUD module /lib/modules/2.6.32-696.el6.x86_64/kernel/drivers/scsi/sg.ko.gz
02:55:38,343 DEBUG   : Checking for DUD module /lib/modules/2.6.32-696.el6.x86_64/kernel/drivers/scsi/sd_mod.ko.gz
02:55:38,343 DEBUG   : Checking for DUD module /lib/modules/2.6.32-696.el6.x86_64/kernel/lib/crc-t10dif.ko.gz
02:55:38,343 DEBUG   : Checking for DUD module /lib/modules/2.6.32-696.el6.x86_64/kernel/drivers/virtio/virtio_pci.ko.gz
02:55:38,343 DEBUG   : Checking for DUD module /lib/modules/2.6.32-696.el6.x86_64/kernel/drivers/virtio/virtio_ring.ko.gz
02:55:38,343 DEBUG   : Checking for DUD module /lib/modules/2.6.32-696.el6.x86_64/kernel/drivers/virtio/virtio.ko.gz
02:55:38,343 DEBUG   : Checking for DUD module /lib/modules/2.6.32-696.el6.x86_64/kernel/drivers/ata/pata_acpi.ko.gz
02:55:38,343 DEBUG   : Checking for DUD module /lib/modules/2.6.32-696.el6.x86_64/kernel/drivers/ata/ata_generic.ko.gz
02:55:38,344 DEBUG   : Checking for DUD module /lib/modules/2.6.32-696.el6.x86_64/kernel/drivers/ata/ata_piix.ko.gz
02:55:38,344 DEBUG   : Checking for DUD module /lib/modules/2.6.32-696.el6.x86_64/kernel/drivers/net/8139too.ko.gz
02:55:38,344 DEBUG   : Checking for DUD module /lib/modules/2.6.32-696.el6.x86_64/kernel/drivers/net/8139cp.ko.gz
02:55:38,344 DEBUG   : Checking for DUD module /lib/modules/2.6.32-696.el6.x86_64/kernel/drivers/net/mii.ko.gz
02:55:38,344 DEBUG   : Checking for DUD module /lib/modules/2.6.32-696.el6.x86_64/kernel/net/ipv6/ipv6.ko.gz
02:55:38,344 DEBUG   : Checking for DUD module /lib/modules/2.6.32-696.el6.x86_64/kernel/drivers/firmware/iscsi_ibft.ko.gz
02:55:38,344 DEBUG   : Checking for DUD module /lib/modules/2.6.32-696.el6.x86_64/kernel/drivers/scsi/iscsi_boot_sysfs.ko.gz
02:55:38,344 DEBUG   : Checking for DUD module /lib/modules/2.6.32-696.el6.x86_64/kernel/drivers/input/misc/pcspkr.ko.gz
02:55:38,344 DEBUG   : Checking for DUD module /lib/modules/2.6.32-696.el6.x86_64/kernel/drivers/firmware/edd.ko.gz
02:55:38,344 DEBUG   : Checking for DUD module /lib/modules/2.6.32-696.el6.x86_64/kernel/drivers/block/floppy.ko.gz
02:55:38,344 DEBUG   : Checking for DUD module /lib/modules/2.6.32-696.el6.x86_64/kernel/drivers/scsi/iscsi_tcp.ko.gz
02:55:38,344 DEBUG   : Checking for DUD module /lib/modules/2.6.32-696.el6.x86_64/kernel/drivers/scsi/libiscsi_tcp.ko.gz
02:55:38,344 DEBUG   : Checking for DUD module /lib/modules/2.6.32-696.el6.x86_64/kernel/drivers/scsi/libiscsi.ko.gz
02:55:38,344 DEBUG   : Checking for DUD module /lib/modules/2.6.32-696.el6.x86_64/kernel/drivers/scsi/scsi_transport_iscsi.ko.gz
02:55:38,344 DEBUG   : Checking for DUD module /lib/modules/2.6.32-696.el6.x86_64/kernel/fs/squashfs/squashfs.ko.gz
02:55:38,344 DEBUG   : Checking for DUD module /lib/modules/2.6.32-696.el6.x86_64/kernel/fs/cramfs/cramfs.ko.gz
02:55:41,116 INFO    : leaving (1) step postselection
02:55:41,132 INFO    : moving (1) to step install
02:55:41,134 INFO    : leaving (1) step install
02:55:41,134 INFO    : moving (1) to step preinstallconfig
02:55:41,134 DEBUG   : preinstallconfig is a direct step
02:55:41,136 DEBUG   : isys.py:mount()- going to mount /selinux on /mnt/sysimage/selinux as selinuxfs with options defaults
02:55:41,142 DEBUG   : isys.py:mount()- going to mount /proc/bus/usb on /mnt/sysimage/proc/bus/usb as usbfs with options defaults
02:55:41,150 INFO    : copy_to_sysimage: source '/etc/multipath/wwids' does not exist.
02:55:41,150 INFO    : copy_to_sysimage: source '/etc/multipath/bindings' does not exist.
02:55:41,153 INFO    : copy_to_sysimage: source '/etc/multipath/wwids' does not exist.
02:55:41,153 INFO    : copy_to_sysimage: source '/etc/multipath/bindings' does not exist.
02:55:41,154 INFO    : leaving (1) step preinstallconfig
02:55:41,154 INFO    : moving (1) to step installpackages
02:55:41,154 DEBUG   : installpackages is a direct step
02:55:41,154 INFO    : Preparing to install packages
02:56:50,999 INFO    : leaving (1) step installpackages
02:56:51,011 INFO    : moving (1) to step postinstallconfig
02:56:51,011 DEBUG   : postinstallconfig is a direct step
02:56:51,032 DEBUG   : Removing headers and packages from /mnt/sysimage/var/cache/yum/CentOS
02:56:51,033 DEBUG   : Removing headers and packages from /mnt/sysimage/var/cache/yum/Updates
02:56:51,033 DEBUG   : Removing cachedir: /mnt/sysimage/var/cache/yum/anaconda-CentOS-201703281317.x86_64
02:56:51,036 INFO    : leaving (1) step postinstallconfig
02:56:51,037 INFO    : moving (1) to step writeconfig
02:56:51,038 DEBUG   : writeconfig is a direct step
02:56:51,038 INFO    : Writing main configuration
02:56:51,049 WARNING : '/usr/sbin/authconfig' specified as full path
02:56:51,060 ERROR   : Error running /usr/sbin/authconfig: No such file or directory
02:56:51,060 ERROR   : Error running ['--update', '--nostart', '--enableshadow', '--passalgo=sha512']: Error running /usr/sbin/authconfig: No such file or directory
02:56:51,062 WARNING : '/usr/sbin/lokkit' specified as full path
02:56:51,068 ERROR   : Error running /usr/sbin/lokkit: No such file or directory
02:56:51,068 ERROR   : lokkit run failed: Error running /usr/sbin/lokkit: No such file or directory
02:56:51,068 WARNING : '/usr/sbin/lokkit' specified as full path
02:56:51,074 ERROR   : Error running /usr/sbin/lokkit: No such file or directory
02:56:51,075 ERROR   : lokkit run failed: Error running /usr/sbin/lokkit: No such file or directory
02:56:51,115 INFO    : removing libuser.conf at /tmp/libuser.aWJUzC
02:56:51,115 INFO    : created new libuser.conf at /tmp/libuser.aWJUzC with instPath="/mnt/sysimage"
02:56:51,182 INFO    : leaving (1) step writeconfig
02:56:51,182 INFO    : moving (1) to step firstboot
02:56:51,182 DEBUG   : firstboot is a direct step
02:56:51,182 INFO    : leaving (1) step firstboot
02:56:51,182 INFO    : moving (1) to step reipl
02:56:51,182 DEBUG   : reipl is a direct step
02:56:51,182 INFO    : leaving (1) step reipl
02:56:51,182 INFO    : moving (1) to step writeksconfig
02:56:51,182 DEBUG   : writeksconfig is a direct step
02:56:51,182 INFO    : Writing autokickstart file
02:56:51,183 INFO    : leaving (1) step writeksconfig
02:56:51,184 INFO    : moving (1) to step setfilecon
02:56:51,184 DEBUG   : setfilecon is a direct step
02:56:51,184 INFO    : setting SELinux contexts for anaconda created files
02:56:52,752 INFO    : leaving (1) step setfilecon
02:56:52,752 INFO    : moving (1) to step copylogs
02:56:52,752 DEBUG   : copylogs is a direct step
02:56:52,752 INFO    : Copying anaconda logs
