Jun 05 02:56:55 Erased: grub
Jun 05 02:56:55 Erased: dracut-kernel
Jun 05 02:56:56 Erased: dracut
Jun 05 02:56:56 Erased: kbd
Jun 05 02:56:56 Erased: iproute
Jun 05 02:56:56 Erased: iptables
Jun 05 02:56:56 Erased: policycoreutils
Jun 05 02:56:56 Erased: util-linux-ng
Jun 05 02:56:56 Erased: libdrm
Jun 05 02:56:56 Erased: iputils
Jun 05 02:56:56 Erased: udev
Jun 05 02:56:56 Erased: plymouth
Jun 05 02:56:56 Erased: initscripts
Jun 05 02:56:56 Erased: libpciaccess
Jun 05 02:56:56 Erased: hwdata
Jun 05 02:56:56 Erased: redhat-logos
Jun 05 02:56:57 Erased: grubby
Jun 05 02:56:58 Erased: e2fsprogs
Jun 05 02:56:58 Erased: kbd-misc
Jun 05 02:56:58 Erased: kernel-firmware
Jun 05 02:56:58 Erased: e2fsprogs-libs
Jun 05 02:56:58 Erased: libss
Jun 05 02:56:58 Erased: dbus-glib
Jun 05 02:56:58 Erased: sysvinit-tools
Jun 05 02:56:58 Erased: upstart
Sep 25 18:47:27 Installed: epel-release-6-8.noarch
Sep 25 18:48:09 Installed: sysvinit-tools-2.87-6.dsf.el6.x86_64
Sep 25 18:48:10 Installed: hwdata-0.233-18.1.el6.noarch
Sep 25 18:48:11 Installed: libpciaccess-0.13.4-1.el6.x86_64
Sep 25 18:48:11 Installed: fipscheck-lib-1.2.0-7.el6.x86_64
Sep 25 18:48:12 Installed: fipscheck-1.2.0-7.el6.x86_64
Sep 25 18:48:12 Installed: dbus-glib-0.86-6.el6.x86_64
Sep 25 18:48:14 Installed: redhat-logos-60.0.14-12.el6.centos.noarch
Sep 25 18:48:14 Installed: upstart-0.6.5-16.el6.x86_64
Sep 25 18:48:15 Installed: policycoreutils-2.0.83-30.1.el6_8.x86_64
Sep 25 18:48:16 Installed: iptables-1.4.7-16.el6.x86_64
Sep 25 18:48:17 Installed: iproute-2.6.32-54.el6.x86_64
Sep 25 18:48:17 Installed: libdrm-2.4.65-2.el6.x86_64
Sep 25 18:48:18 Installed: iputils-20071127-24.el6.x86_64
Sep 25 18:48:19 Installed: plymouth-0.8.3-29.el6.centos.x86_64
Sep 25 18:48:20 Installed: util-linux-ng-2.17.2-12.28.el6.x86_64
Sep 25 18:48:21 Installed: initscripts-9.03.58-1.el6.centos.1.x86_64
Sep 25 18:48:22 Installed: udev-147-2.73.el6_8.2.x86_64
Sep 25 18:48:23 Installed: openssh-5.3p1-123.el6_9.x86_64
Sep 25 18:48:23 Installed: tcp_wrappers-libs-7.6-58.el6.x86_64
Sep 25 18:48:25 Installed: openssh-server-5.3p1-123.el6_9.x86_64
Dec 03 20:00:51 Updated: glibc-2.12-1.209.el6_9.2.x86_64
Dec 03 20:00:59 Updated: glibc-common-2.12-1.209.el6_9.2.x86_64
Dec 03 20:01:00 Installed: mpfr-2.4.1-6.el6.x86_64
Dec 03 20:01:02 Installed: cpp-4.4.7-18.el6.x86_64
Dec 03 20:01:03 Installed: libgomp-4.4.7-18.el6.x86_64
Dec 03 20:01:04 Installed: ppl-0.10.2-11.el6.x86_64
Dec 03 20:01:04 Installed: cloog-ppl-0.15.7-1.2.el6.x86_64
Dec 03 20:01:05 Installed: kernel-headers-2.6.32-696.16.1.el6.x86_64
Dec 03 20:01:06 Installed: glibc-headers-2.12-1.209.el6_9.2.x86_64
Dec 03 20:01:07 Installed: glibc-devel-2.12-1.209.el6_9.2.x86_64
Dec 03 20:01:08 Installed: gcc-4.4.7-18.el6.x86_64
Dec 03 20:01:09 Installed: libstdc++-devel-4.4.7-18.el6.x86_64
Dec 03 20:01:10 Installed: gcc-c++-4.4.7-18.el6.x86_64
Dec 03 20:01:13 Installed: 2:nodejs-8.9.1-1nodesource.x86_64
Dec 03 20:01:48 Installed: 1:perl-Pod-Escapes-1.04-144.el6.x86_64
Dec 03 20:01:49 Installed: 4:perl-libs-5.10.1-144.el6.x86_64
Dec 03 20:01:49 Installed: 1:perl-Pod-Simple-3.13-144.el6.x86_64
Dec 03 20:01:49 Installed: 1:perl-Module-Pluggable-3.90-144.el6.x86_64
Dec 03 20:01:50 Installed: 3:perl-version-0.77-144.el6.x86_64
Dec 03 20:01:53 Installed: 4:perl-5.10.1-144.el6.x86_64
Dec 03 20:01:53 Installed: gpm-libs-1.20.6-12.el6.x86_64
Dec 03 20:01:53 Installed: 2:vim-filesystem-7.4.629-5.el6_8.1.x86_64
Dec 03 20:01:55 Installed: 2:vim-common-7.4.629-5.el6_8.1.x86_64
Dec 03 20:01:56 Installed: 2:vim-enhanced-7.4.629-5.el6_8.1.x86_64
Dec 03 20:02:03 Installed: inotify-tools-3.14-1.el6.x86_64
Dec 03 20:48:54 Installed: apr-1.3.9-5.el6_9.1.x86_64
Dec 03 20:48:55 Installed: apr-util-1.3.9-3.el6_0.1.x86_64
Dec 03 20:48:55 Installed: httpd-tools-2.2.15-60.el6.centos.6.x86_64
Dec 03 20:48:55 Installed: apr-util-ldap-1.3.9-3.el6_0.1.x86_64
Dec 03 20:48:56 Installed: mailcap-2.1.31-2.el6.noarch
Dec 03 20:48:58 Installed: httpd-2.2.15-60.el6.centos.6.x86_64
Dec 03 21:00:48 Installed: 1:perl-Error-0.17015-4.el6.noarch
Dec 03 21:00:48 Installed: rsync-3.0.6-12.el6.x86_64
Dec 03 21:00:49 Installed: libedit-2.11-4.20080712cvs.1.el6.x86_64
Dec 03 21:00:50 Installed: openssh-clients-5.3p1-123.el6_9.x86_64
Dec 03 21:00:50 Installed: perl-Git-1.7.1-9.el6_9.noarch
Dec 03 21:00:52 Installed: git-1.7.1-9.el6_9.x86_64
Dec 08 02:22:01 Installed: boost-system-1.41.0-28.el6.x86_64
Dec 08 02:22:02 Installed: boost-filesystem-1.41.0-28.el6.x86_64
Dec 08 02:22:02 Installed: boost-program-options-1.41.0-28.el6.x86_64
Dec 08 02:22:03 Installed: boost-thread-1.41.0-28.el6.x86_64
Dec 08 02:22:04 Installed: 14:libpcap-1.4.0-4.20130826git2dbcaa1.el6.x86_64
Dec 08 02:22:04 Installed: libunwind-1.1-3.el6.x86_64
Dec 08 02:22:05 Installed: gperftools-libs-2.0-11.el6.3.x86_64
Dec 08 02:22:06 Installed: boost-iostreams-1.41.0-28.el6.x86_64
Dec 08 02:22:06 Installed: snappy-1.1.0-1.el6.x86_64
Dec 08 02:22:08 Installed: libicu-4.2.1-14.el6.x86_64
Dec 08 02:22:09 Installed: 1:v8-3.14.5.10-25.el6.x86_64
Dec 08 02:22:16 Installed: mongodb-2.4.14-4.el6.x86_64
Dec 10 17:00:33 Erased: mongodb
Dec 10 17:01:45 Installed: mongodb-org-shell-3.4.10-1.el6.x86_64
Dec 10 17:01:46 Installed: mongodb-org-mongos-3.4.10-1.el6.x86_64
Dec 10 17:01:49 Installed: mongodb-org-tools-3.4.10-1.el6.x86_64
Dec 10 17:01:52 Installed: mongodb-org-server-3.4.10-1.el6.x86_64
Dec 10 17:01:53 Installed: mongodb-org-3.4.10-1.el6.x86_64
Dec 12 00:31:39 Erased: httpd
Dec 12 00:31:40 Erased: httpd-tools
Dec 12 00:32:22 Installed: httpd-tools-2.2.15-60.el6.centos.6.x86_64
Dec 12 00:32:24 Installed: httpd-2.2.15-60.el6.centos.6.x86_64
Dec 12 02:34:58 Erased: httpd
Dec 12 02:34:59 Erased: httpd-tools
Dec 12 02:42:21 Installed: httpd-tools-2.2.15-60.el6.centos.6.x86_64
Dec 12 02:42:22 Installed: httpd-2.2.15-60.el6.centos.6.x86_64
